<?xml version="1.0" encoding="UTF-8"?>
<testng-results ignored="0" total="1" passed="1" failed="0" skipped="0">
  <reporter-output>
  </reporter-output>
  <suite started-at="2023-06-30T15:50:25 IST" name="Default suite" finished-at="2023-06-30T15:51:17 IST" duration-ms="52503">
    <groups>
    </groups>
    <test started-at="2023-06-30T15:50:25 IST" name="Default test" finished-at="2023-06-30T15:51:17 IST" duration-ms="52503">
      <class name="com.testScript.Purchase_A_Product_Test_CaseTest">
        <test-method signature="purchasingProductDWS(java.lang.String,java.lang.String)[pri:0, instance:com.testScript.Purchase_A_Product_Test_CaseTest@69b2283a]" started-at="2023-06-30T15:50:25 IST" name="purchasingProductDWS" data-provider="LoginData" finished-at="2023-06-30T15:51:17 IST" duration-ms="52446" status="PASS">
          <params>
            <param index="0">
              <value>
                <![CDATA[nikhil26@gmail.com]]>
              </value>
            </param>
            <param index="1">
              <value>
                <![CDATA[nikhil123]]>
              </value>
            </param>
          </params>
          <reporter-output>
          </reporter-output>
        </test-method> <!-- purchasingProductDWS -->
      </class> <!-- com.testScript.Purchase_A_Product_Test_CaseTest -->
    </test> <!-- Default test -->
  </suite> <!-- Default suite -->
</testng-results>
